have_library: checking for main() in -lperl... -------------------- no

"gcc -o conftest -I/Users/steve/.rvm/rubies/ruby-1.9.2-p136/include/ruby-1.9.1/i386-darwin10 -I/Users/steve/.rvm/rubies/ruby-1.9.2-p136/include/ruby-1.9.1/ruby/backward -I/Users/steve/.rvm/rubies/ruby-1.9.2-p136/include/ruby-1.9.1 -I. -D_XOPEN_SOURCE -D_DARWIN_C_SOURCE    -O3 -ggdb -Wextra -Wno-unused-parameter -Wno-parentheses -Wpointer-arith -Wwrite-strings -Wno-missing-field-initializers -Wshorten-64-to-32 -Wno-long-long  -fno-common -pipe conftest.c  -L. -L/Users/steve/.rvm/rubies/ruby-1.9.2-p136/lib -L. -L/usr/local/lib     -lruby.1.9.1-static  -lpthread -ldl -lobjc "
checked program was:
/* begin */
1: #include "ruby.h"
2: 
3: int main() {return 0;}
/* end */

"gcc -o conftest -I/Users/steve/.rvm/rubies/ruby-1.9.2-p136/include/ruby-1.9.1/i386-darwin10 -I/Users/steve/.rvm/rubies/ruby-1.9.2-p136/include/ruby-1.9.1/ruby/backward -I/Users/steve/.rvm/rubies/ruby-1.9.2-p136/include/ruby-1.9.1 -I. -D_XOPEN_SOURCE -D_DARWIN_C_SOURCE    -O3 -ggdb -Wextra -Wno-unused-parameter -Wno-parentheses -Wpointer-arith -Wwrite-strings -Wno-missing-field-initializers -Wshorten-64-to-32 -Wno-long-long  -fno-common -pipe conftest.c  -L. -L/Users/steve/.rvm/rubies/ruby-1.9.2-p136/lib -L. -L/usr/local/lib     -lruby.1.9.1-static -lperl  -lpthread -ldl -lobjc "
ld: library not found for -lperl
collect2: ld returned 1 exit status
checked program was:
/* begin */
1: #include "ruby.h"
2: 
3: /*top*/
4: int main() {return 0;}
5: int t() { void ((*volatile p)()); p = (void ((*)()))main; return 0; }
/* end */

"gcc -o conftest -I/Users/steve/.rvm/rubies/ruby-1.9.2-p136/include/ruby-1.9.1/i386-darwin10 -I/Users/steve/.rvm/rubies/ruby-1.9.2-p136/include/ruby-1.9.1/ruby/backward -I/Users/steve/.rvm/rubies/ruby-1.9.2-p136/include/ruby-1.9.1 -I. -D_XOPEN_SOURCE -D_DARWIN_C_SOURCE    -O3 -ggdb -Wextra -Wno-unused-parameter -Wno-parentheses -Wpointer-arith -Wwrite-strings -Wno-missing-field-initializers -Wshorten-64-to-32 -Wno-long-long  -fno-common -pipe conftest.c  -L. -L/Users/steve/.rvm/rubies/ruby-1.9.2-p136/lib -L. -L/usr/local/lib     -lruby.1.9.1-static -lperl  -lpthread -ldl -lobjc "
ld: library not found for -lperl
collect2: ld returned 1 exit status
checked program was:
/* begin */
1: #include "ruby.h"
2: 
3: /*top*/
4: int main() {return 0;}
5: int t() { main(); return 0; }
/* end */

--------------------

